<?xml version="1.0" encoding="UTF-8"?>
<!-- Generated by org.testng.reporters.JUnitReportReporter -->
<testsuite hostname="RD-PC-ZJF" name="com.molbase.ArticlePush.PatternTest" tests="1" failures="0" timestamp="1 Dec 2015 11:36:07 GMT" time="0.022" errors="0">
  <testcase name="test3" time="0.022" classname="com.molbase.ArticlePush.PatternTest"/>
</testsuite> <!-- com.molbase.ArticlePush.PatternTest -->
