<?xml version="1.0" encoding="UTF-8"?>
<!-- Generated by org.testng.reporters.JUnitReportReporter -->
<testsuite hostname="RD-PC-ZJF" name="com.molbase.ArticlePush.HttpClientTest" tests="1" failures="0" timestamp="1 Dec 2015 05:37:28 GMT" time="3.261" errors="0">
  <testcase name="test2" time="3.261" classname="com.molbase.ArticlePush.HttpClientTest"/>
</testsuite> <!-- com.molbase.ArticlePush.HttpClientTest -->
