<?xml version="1.0" encoding="UTF-8"?>
<!-- Generated by org.testng.reporters.JUnitReportReporter -->
<testsuite hostname="RD-PC-ZJF" name="com.molbase.ArticlePush.TestCRMInterface" tests="1" failures="0" timestamp="30 Nov 2015 06:20:51 GMT" time="5.366" errors="0">
  <testcase name="testConsumeCrm" time="5.366" classname="com.molbase.ArticlePush.TestCRMInterface"/>
</testsuite> <!-- com.molbase.ArticlePush.TestCRMInterface -->
